c:\users\dasos\source\repos\mariejohb\infoprojekt_connect4\src\connect four\debug\vc143.pdb
c:\users\dasos\source\repos\mariejohb\infoprojekt_connect4\src\connect four\debug\vc143.idb
c:\users\dasos\source\repos\mariejohb\infoprojekt_connect4\src\connect four\debug\ruler.obj
c:\users\dasos\source\repos\mariejohb\infoprojekt_connect4\src\connect four\debug\celebrater.obj
c:\users\dasos\source\repos\mariejohb\infoprojekt_connect4\src\connect four\debug\checker.obj
c:\users\dasos\source\repos\mariejohb\infoprojekt_connect4\src\connect four\debug\player.obj
c:\users\dasos\source\repos\mariejohb\infoprojekt_connect4\src\connect four\debug\konfiguration.obj
c:\users\dasos\source\repos\mariejohb\infoprojekt_connect4\src\connect four\debug\highscore.obj
c:\users\dasos\source\repos\mariejohb\infoprojekt_connect4\src\connect four\debug\connect four.obj
c:\users\dasos\source\repos\mariejohb\infoprojekt_connect4\src\connect four\debug\abstractboard.obj
c:\users\dasos\source\repos\mariejohb\infoprojekt_connect4\src\connect four\debug\fileboard.obj
c:\users\dasos\source\repos\mariejohb\infoprojekt_connect4\src\connect four\debug\consoleboard.obj
c:\users\dasos\source\repos\mariejohb\infoprojekt_connect4\src\debug\connect four.exe
c:\users\dasos\source\repos\mariejohb\infoprojekt_connect4\src\connect four\debug\connect four.ilk
c:\users\dasos\source\repos\mariejohb\infoprojekt_connect4\src\debug\connect four.pdb
c:\users\dasos\source\repos\mariejohb\infoprojekt_connect4\src\connect four\debug\highscore.obj.enc
c:\users\dasos\source\repos\mariejohb\infoprojekt_connect4\src\connect four\debug\connect four.tlog\cl.command.1.tlog
c:\users\dasos\source\repos\mariejohb\infoprojekt_connect4\src\connect four\debug\connect four.tlog\cl.items.tlog
c:\users\dasos\source\repos\mariejohb\infoprojekt_connect4\src\connect four\debug\connect four.tlog\cl.read.1.tlog
c:\users\dasos\source\repos\mariejohb\infoprojekt_connect4\src\connect four\debug\connect four.tlog\cl.write.1.tlog
c:\users\dasos\source\repos\mariejohb\infoprojekt_connect4\src\connect four\debug\connect four.tlog\link.command.1.tlog
c:\users\dasos\source\repos\mariejohb\infoprojekt_connect4\src\connect four\debug\connect four.tlog\link.read.1.tlog
c:\users\dasos\source\repos\mariejohb\infoprojekt_connect4\src\connect four\debug\connect four.tlog\link.write.1.tlog
